Using pre-set license
Built from '2021.3/staging' branch; Version is '2021.3.7f1 (24e8595d6d43) revision 2418777'; Using compiler version '192829333'; Build Type 'Release'
OS: 'Windows 10  (10.0.19043) 64bit Professional' Language: 'tr' Physical Memory: 12176 MB
BatchMode: 1, IsHumanControllingUs: 0, StartBugReporterOnCrash: 0, Is64bit: 1, IsPro: 1

COMMAND LINE ARGUMENTS:
C:\Program Files\Unity\Hub\Editor\2021.3.7f1\Editor\Unity.exe
-adb2
-batchMode
-noUpm
-name
AssetImportWorker1
-projectPath
C:/Users/Talha/Documents/GitHub/fourteen/Fourteen
-logFile
Logs/AssetImportWorker1.log
-srvPort
53081
Successfully changed project path to: C:/Users/Talha/Documents/GitHub/fourteen/Fourteen
C:/Users/Talha/Documents/GitHub/fourteen/Fourteen
[UnityMemory] Configuration Parameters - Can be set up in boot.config
    "memorysetup-bucket-allocator-granularity=16"
    "memorysetup-bucket-allocator-bucket-count=8"
    "memorysetup-bucket-allocator-block-size=33554432"
    "memorysetup-bucket-allocator-block-count=8"
    "memorysetup-main-allocator-block-size=16777216"
    "memorysetup-thread-allocator-block-size=16777216"
    "memorysetup-gfx-main-allocator-block-size=16777216"
    "memorysetup-gfx-thread-allocator-block-size=16777216"
    "memorysetup-cache-allocator-block-size=4194304"
    "memorysetup-typetree-allocator-block-size=2097152"
    "memorysetup-profiler-bucket-allocator-granularity=16"
    "memorysetup-profiler-bucket-allocator-bucket-count=8"
    "memorysetup-profiler-bucket-allocator-block-size=33554432"
    "memorysetup-profiler-bucket-allocator-block-count=8"
    "memorysetup-profiler-allocator-block-size=16777216"
    "memorysetup-profiler-editor-allocator-block-size=1048576"
    "memorysetup-temp-allocator-size-main=16777216"
    "memorysetup-job-temp-allocator-block-size=2097152"
    "memorysetup-job-temp-allocator-block-size-background=1048576"
    "memorysetup-job-temp-allocator-reduction-small-platforms=262144"
    "memorysetup-temp-allocator-size-background-worker=32768"
    "memorysetup-temp-allocator-size-job-worker=262144"
    "memorysetup-temp-allocator-size-preload-manager=33554432"
    "memorysetup-temp-allocator-size-nav-mesh-worker=65536"
    "memorysetup-temp-allocator-size-audio-worker=65536"
    "memorysetup-temp-allocator-size-cloud-worker=32768"
    "memorysetup-temp-allocator-size-gi-baking-worker=262144"
    "memorysetup-temp-allocator-size-gfx=262144"
Refreshing native plugins compatible for Editor in 45.51 ms, found 2 plugins.
Preloading 0 native plugins for Editor in 0.00 ms.
Initialize engine version: 2021.3.7f1 (24e8595d6d43)
[Subsystems] Discovering subsystems at path C:/Program Files/Unity/Hub/Editor/2021.3.7f1/Editor/Data/Resources/UnitySubsystems
[Subsystems] Discovering subsystems at path C:/Users/Talha/Documents/GitHub/fourteen/Fourteen/Assets
GfxDevice: creating device client; threaded=0; jobified=0
Direct3D:
    Version:  Direct3D 11.0 [level 11.1]
    Renderer: NVIDIA GeForce GTX 1050 (ID=0x1c8d)
    Vendor:   NVIDIA
    VRAM:     4019 MB
    Driver:   30.0.14.7212
Initialize mono
Mono path[0] = 'C:/Program Files/Unity/Hub/Editor/2021.3.7f1/Editor/Data/Managed'
Mono path[1] = 'C:/Program Files/Unity/Hub/Editor/2021.3.7f1/Editor/Data/MonoBleedingEdge/lib/mono/unityjit-win32'
Mono config path = 'C:/Program Files/Unity/Hub/Editor/2021.3.7f1/Editor/Data/MonoBleedingEdge/etc'
Using monoOptions --debugger-agent=transport=dt_socket,embedding=1,server=y,suspend=n,address=127.0.0.1:56004
Begin MonoManager ReloadAssembly
Registering precompiled unity dll's ...
Register platform support module: C:/Program Files/Unity/Hub/Editor/2021.3.7f1/Editor/Data/PlaybackEngines/WindowsStandaloneSupport/UnityEditor.WindowsStandalone.Extensions.dll
Registered in 0.009976 seconds.
Native extension for WindowsStandalone target not found
Refreshing native plugins compatible for Editor in 43.83 ms, found 2 plugins.
Preloading 0 native plugins for Editor in 0.00 ms.
Mono: successfully reloaded assembly
- Completed reload, in  0.772 seconds
Domain Reload Profiling:
	ReloadAssembly (772ms)
		BeginReloadAssembly (100ms)
			ExecutionOrderSort (0ms)
			DisableScriptedObjects (0ms)
			BackupInstance (0ms)
			ReleaseScriptingObjects (0ms)
			CreateAndSetChildDomain (1ms)
		EndReloadAssembly (523ms)
			LoadAssemblies (96ms)
			RebuildTransferFunctionScriptingTraits (0ms)
			SetupTypeCache (137ms)
			ReleaseScriptCaches (0ms)
			RebuildScriptCaches (37ms)
			SetupLoadedEditorAssemblies (282ms)
				LogAssemblyErrors (0ms)
				InitializePlatformSupportModulesInManaged (11ms)
				SetLoadedEditorAssemblies (0ms)
				RefreshPlugins (44ms)
				BeforeProcessingInitializeOnLoad (2ms)
				ProcessInitializeOnLoadAttributes (162ms)
				ProcessInitializeOnLoadMethodAttributes (62ms)
				AfterProcessingInitializeOnLoad (0ms)
				EditorAssembliesLoaded (0ms)
			ExecutionOrderSort2 (0ms)
			AwakeInstancesAfterBackupRestoration (0ms)
Platform modules already initialized, skipping
Registering precompiled user dll's ...
Registered in 0.009292 seconds.
Begin MonoManager ReloadAssembly
Native extension for WindowsStandalone target not found
Refreshing native plugins compatible for Editor in 0.95 ms, found 2 plugins.
Preloading 0 native plugins for Editor in 0.00 ms.
Mono: successfully reloaded assembly
- Completed reload, in  1.267 seconds
Domain Reload Profiling:
	ReloadAssembly (1268ms)
		BeginReloadAssembly (157ms)
			ExecutionOrderSort (0ms)
			DisableScriptedObjects (8ms)
			BackupInstance (0ms)
			ReleaseScriptingObjects (0ms)
			CreateAndSetChildDomain (27ms)
		EndReloadAssembly (960ms)
			LoadAssemblies (108ms)
			RebuildTransferFunctionScriptingTraits (0ms)
			SetupTypeCache (261ms)
			ReleaseScriptCaches (0ms)
			RebuildScriptCaches (65ms)
			SetupLoadedEditorAssemblies (476ms)
				LogAssemblyErrors (0ms)
				InitializePlatformSupportModulesInManaged (9ms)
				SetLoadedEditorAssemblies (1ms)
				RefreshPlugins (1ms)
				BeforeProcessingInitializeOnLoad (96ms)
				ProcessInitializeOnLoadAttributes (309ms)
				ProcessInitializeOnLoadMethodAttributes (47ms)
				AfterProcessingInitializeOnLoad (13ms)
				EditorAssembliesLoaded (0ms)
			ExecutionOrderSort2 (0ms)
			AwakeInstancesAfterBackupRestoration (9ms)
Platform modules already initialized, skipping
========================================================================
Worker process is ready to serve import requests
Failed to load shader (instanceID 434, GUID 603d454d711fe784cba9ce08dd22b881)
Launched and connected shader compiler UnityShaderCompiler.exe after 0.08 seconds
Refreshing native plugins compatible for Editor in 1.01 ms, found 2 plugins.
Preloading 0 native plugins for Editor in 0.00 ms.
Unloading 1751 Unused Serialized files (Serialized files now loaded: 0)
Unloading 23 unused Assets / (55.7 KB). Loaded Objects now: 2219.
Memory consumption went from 76.4 MB to 76.3 MB.
Total: 3.290300 ms (FindLiveObjects: 0.199200 ms CreateObjectMapping: 0.111400 ms MarkObjects: 2.886900 ms  DeleteObjects: 0.091800 ms)

AssetImportParameters requested are different than current active one (requested -> active):
  custom:video-decoder-ogg-theora: a1e56fd34408186e4bbccfd4996cb3dc -> 
  custom:container-muxer-webm: aa71ff27fc2769a1b78a27578f13a17b -> 
  custom:container-demuxer-webm: 4f35f7cbe854078d1ac9338744f61a02 -> 
  custom:video-encoder-webm-vp8: eb34c28f22e8b96e1ab97ce403110664 -> 
  custom:audio-encoder-webm-vorbis: bf7c407c2cedff20999df2af8eb42d56 -> 
  custom:framework-win-MediaFoundation: 216162199b28c13a410421893ffa2e32 -> 
  custom:container-demuxer-ogg: 62fdf1f143b41e24485cea50d1cbac27 -> 
  custom:video-decoder-webm-vp8: 9c59270c3fd7afecdb556c50c9e8de78 -> 
  custom:audio-decoder-ogg-vorbis: bf7c407c2cedff20999df2af8eb42d56 -> 
========================================================================
Received Import Request.
  Time since last request: 7364.431846 seconds.
  path: Assets/Sprites/Başlıksız-1.asset
  artifactKey: Guid(72a58d82bfafb3a46942eed329f857ef) Importer(815301076,1909f56bfc062723c751e8b465ee728b)
Start importing Assets/Sprites/Başlıksız-1.asset using Guid(72a58d82bfafb3a46942eed329f857ef) Importer(815301076,1909f56bfc062723c751e8b465ee728b)  -> (artifact id: 'c75aefc168ad1e87e22cf30b771ccc13') in 0.196179 seconds 
========================================================================
Received Import Request.
  Time since last request: 9.729392 seconds.
  path: Assets/Sprites/zemi123n.png
  artifactKey: Guid(e1a2bd00e20bbbc4790381826a4cddcb) Importer(815301076,1909f56bfc062723c751e8b465ee728b)
Start importing Assets/Sprites/zemi123n.png using Guid(e1a2bd00e20bbbc4790381826a4cddcb) Importer(815301076,1909f56bfc062723c751e8b465ee728b)  -> (artifact id: '8d4fee025a76c97edb711b20c23bade4') in 0.104762 seconds 
========================================================================
Received Import Request.
  Time since last request: 7.683894 seconds.
  path: Assets/Sprites/New Palette.prefab
  artifactKey: Guid(628689159c7ad934da884d67e2937156) Importer(815301076,1909f56bfc062723c751e8b465ee728b)
Start importing Assets/Sprites/New Palette.prefab using Guid(628689159c7ad934da884d67e2937156) Importer(815301076,1909f56bfc062723c751e8b465ee728b)  -> (artifact id: 'a6d048bf3a80dee68cc18f7735d0f9e3') in 0.064548 seconds 
========================================================================
Received Import Request.
  Time since last request: 153.952874 seconds.
  path: Assets/Sprites/New Palette.prefab
  artifactKey: Guid(628689159c7ad934da884d67e2937156) Importer(815301076,1909f56bfc062723c751e8b465ee728b)
Start importing Assets/Sprites/New Palette.prefab using Guid(628689159c7ad934da884d67e2937156) Importer(815301076,1909f56bfc062723c751e8b465ee728b)  -> (artifact id: '3aaf17f2f9d083f4d4ba2bcfe8f07344') in 0.032290 seconds 
========================================================================
Received Import Request.
  Time since last request: 413.544078 seconds.
  path: Assets/Sprites/New Palette.prefab
  artifactKey: Guid(628689159c7ad934da884d67e2937156) Importer(815301076,1909f56bfc062723c751e8b465ee728b)
Start importing Assets/Sprites/New Palette.prefab using Guid(628689159c7ad934da884d67e2937156) Importer(815301076,1909f56bfc062723c751e8b465ee728b)  -> (artifact id: '45f80d09854373e89664449d2fbaf78b') in 0.031073 seconds 
========================================================================
Received Import Request.
  Time since last request: 100.282353 seconds.
  path: Assets/Sprites/New Palette.prefab
  artifactKey: Guid(628689159c7ad934da884d67e2937156) Importer(815301076,1909f56bfc062723c751e8b465ee728b)
Start importing Assets/Sprites/New Palette.prefab using Guid(628689159c7ad934da884d67e2937156) Importer(815301076,1909f56bfc062723c751e8b465ee728b)  -> (artifact id: '363556acca2f5ee46f0d52ece579ab11') in 0.028148 seconds 
========================================================================
Received Import Request.
  Time since last request: 28.009486 seconds.
  path: Assets/Sprites/asfFSD.png
  artifactKey: Guid(1f11652c0c796164f919a6fc0ea49dfe) Importer(815301076,1909f56bfc062723c751e8b465ee728b)
Start importing Assets/Sprites/asfFSD.png using Guid(1f11652c0c796164f919a6fc0ea49dfe) Importer(815301076,1909f56bfc062723c751e8b465ee728b)  -> (artifact id: '5165e9b1eb56e68079c99a36bf3e6990') in 0.017450 seconds 
========================================================================
Received Import Request.
  Time since last request: 95.028635 seconds.
  path: Assets/Sprites/asfFSD.png
  artifactKey: Guid(1f11652c0c796164f919a6fc0ea49dfe) Importer(815301076,1909f56bfc062723c751e8b465ee728b)
Start importing Assets/Sprites/asfFSD.png using Guid(1f11652c0c796164f919a6fc0ea49dfe) Importer(815301076,1909f56bfc062723c751e8b465ee728b)  -> (artifact id: '9afe8580310e562f0ef99729bec40e74') in 0.045017 seconds 
========================================================================
Received Import Request.
  Time since last request: 66.488728 seconds.
  path: Assets/Sprites/New Palette.prefab
  artifactKey: Guid(628689159c7ad934da884d67e2937156) Importer(815301076,1909f56bfc062723c751e8b465ee728b)
Start importing Assets/Sprites/New Palette.prefab using Guid(628689159c7ad934da884d67e2937156) Importer(815301076,1909f56bfc062723c751e8b465ee728b)  -> (artifact id: '5bc9a82348c7f34d38e04a2c1b3d461c') in 0.030066 seconds 
========================================================================
Received Import Request.
  Time since last request: 39.279863 seconds.
  path: Assets/Sprites/New Palette.prefab
  artifactKey: Guid(628689159c7ad934da884d67e2937156) Importer(815301076,1909f56bfc062723c751e8b465ee728b)
Start importing Assets/Sprites/New Palette.prefab using Guid(628689159c7ad934da884d67e2937156) Importer(815301076,1909f56bfc062723c751e8b465ee728b)  -> (artifact id: '724baeb74e3cf436700bb71690417529') in 0.025055 seconds 
========================================================================
Received Import Request.
  Time since last request: 1809.219133 seconds.
  path: Assets/Sprites/New Palette.prefab
  artifactKey: Guid(628689159c7ad934da884d67e2937156) Importer(815301076,1909f56bfc062723c751e8b465ee728b)
Start importing Assets/Sprites/New Palette.prefab using Guid(628689159c7ad934da884d67e2937156) Importer(815301076,1909f56bfc062723c751e8b465ee728b)  -> (artifact id: '415432883ecae0c07c0a1e2c7c512c7c') in 0.036793 seconds 
========================================================================
Received Import Request.
  Time since last request: 100.734821 seconds.
  path: Assets/Sprites/asfFSD.png
  artifactKey: Guid(1f11652c0c796164f919a6fc0ea49dfe) Importer(815301076,1909f56bfc062723c751e8b465ee728b)
Start importing Assets/Sprites/asfFSD.png using Guid(1f11652c0c796164f919a6fc0ea49dfe) Importer(815301076,1909f56bfc062723c751e8b465ee728b)  -> (artifact id: '6905798e89b8593586a925d198c6b61e') in 0.019817 seconds 
========================================================================
Received Import Request.
  Time since last request: 129.471489 seconds.
  path: Assets/Sprites/New Palette.prefab
  artifactKey: Guid(628689159c7ad934da884d67e2937156) Importer(815301076,1909f56bfc062723c751e8b465ee728b)
Start importing Assets/Sprites/New Palette.prefab using Guid(628689159c7ad934da884d67e2937156) Importer(815301076,1909f56bfc062723c751e8b465ee728b)  -> (artifact id: 'e80330011ea12932852f0ff34a67b3f1') in 0.024319 seconds 
========================================================================
Received Import Request.
  Time since last request: 17.083378 seconds.
  path: Assets/Sprites/asdasdg.png
  artifactKey: Guid(ac3aad2f2b9229242a6a17af0d52d742) Importer(815301076,1909f56bfc062723c751e8b465ee728b)
Start importing Assets/Sprites/asdasdg.png using Guid(ac3aad2f2b9229242a6a17af0d52d742) Importer(815301076,1909f56bfc062723c751e8b465ee728b)  -> (artifact id: 'aa91c08892c4533fbb426f7378a4cf04') in 0.019006 seconds 
========================================================================
Received Import Request.
  Time since last request: 18.666740 seconds.
  path: Assets/Sprites/asdasdg.png
  artifactKey: Guid(ac3aad2f2b9229242a6a17af0d52d742) Importer(815301076,1909f56bfc062723c751e8b465ee728b)
Start importing Assets/Sprites/asdasdg.png using Guid(ac3aad2f2b9229242a6a17af0d52d742) Importer(815301076,1909f56bfc062723c751e8b465ee728b)  -> (artifact id: '1570b8c0bf222f111c1d57463127d328') in 0.018089 seconds 
========================================================================
Received Import Request.
  Time since last request: 11.615409 seconds.
  path: Assets/Sprites/asdasdg.png
  artifactKey: Guid(ac3aad2f2b9229242a6a17af0d52d742) Importer(815301076,1909f56bfc062723c751e8b465ee728b)
Start importing Assets/Sprites/asdasdg.png using Guid(ac3aad2f2b9229242a6a17af0d52d742) Importer(815301076,1909f56bfc062723c751e8b465ee728b)  -> (artifact id: 'd531593aae1d3073c046249e2e84ea2b') in 0.034565 seconds 
========================================================================
Received Import Request.
  Time since last request: 22.620450 seconds.
  path: Assets/Sprites/asdasdg.png
  artifactKey: Guid(ac3aad2f2b9229242a6a17af0d52d742) Importer(815301076,1909f56bfc062723c751e8b465ee728b)
Start importing Assets/Sprites/asdasdg.png using Guid(ac3aad2f2b9229242a6a17af0d52d742) Importer(815301076,1909f56bfc062723c751e8b465ee728b)  -> (artifact id: 'f9870a2e6a8bd7082251be9b719a2a94') in 0.018557 seconds 
========================================================================
Received Import Request.
  Time since last request: 65.450418 seconds.
  path: Assets/Sprites/asdasdg.png
  artifactKey: Guid(ac3aad2f2b9229242a6a17af0d52d742) Importer(815301076,1909f56bfc062723c751e8b465ee728b)
Start importing Assets/Sprites/asdasdg.png using Guid(ac3aad2f2b9229242a6a17af0d52d742) Importer(815301076,1909f56bfc062723c751e8b465ee728b)  -> (artifact id: 'b8648d57081b8228ef07f4571a851c5a') in 0.024052 seconds 
========================================================================
Received Import Request.
  Time since last request: 6.905974 seconds.
  path: Assets/Sprites/asdasdg.png
  artifactKey: Guid(ac3aad2f2b9229242a6a17af0d52d742) Importer(815301076,1909f56bfc062723c751e8b465ee728b)
Start importing Assets/Sprites/asdasdg.png using Guid(ac3aad2f2b9229242a6a17af0d52d742) Importer(815301076,1909f56bfc062723c751e8b465ee728b)  -> (artifact id: 'e0b5d799ba13b93bf0b06fe4dab73996') in 0.026118 seconds 
========================================================================
Received Import Request.
  Time since last request: 10.088278 seconds.
  path: Assets/Sprites/asdasdg.png
  artifactKey: Guid(ac3aad2f2b9229242a6a17af0d52d742) Importer(815301076,1909f56bfc062723c751e8b465ee728b)
Start importing Assets/Sprites/asdasdg.png using Guid(ac3aad2f2b9229242a6a17af0d52d742) Importer(815301076,1909f56bfc062723c751e8b465ee728b)  -> (artifact id: '75a151b5398eaa4f10e6448663235ac9') in 0.020209 seconds 
========================================================================
Received Import Request.
  Time since last request: 6.782987 seconds.
  path: Assets/Sprites/asdasdg.png
  artifactKey: Guid(ac3aad2f2b9229242a6a17af0d52d742) Importer(815301076,1909f56bfc062723c751e8b465ee728b)
Start importing Assets/Sprites/asdasdg.png using Guid(ac3aad2f2b9229242a6a17af0d52d742) Importer(815301076,1909f56bfc062723c751e8b465ee728b)  -> (artifact id: '6cbce06ccc511c8bb5c93617b2b6f7c8') in 0.022127 seconds 
========================================================================
Received Import Request.
  Time since last request: 12.261319 seconds.
  path: Assets/Sprites/asdasdg.png
  artifactKey: Guid(ac3aad2f2b9229242a6a17af0d52d742) Importer(815301076,1909f56bfc062723c751e8b465ee728b)
Start importing Assets/Sprites/asdasdg.png using Guid(ac3aad2f2b9229242a6a17af0d52d742) Importer(815301076,1909f56bfc062723c751e8b465ee728b)  -> (artifact id: '0f3918a03be30c447d133bc51393684a') in 0.022894 seconds 
========================================================================
Received Import Request.
  Time since last request: 160.572024 seconds.
  path: Assets/Sprites/New Palette.prefab
  artifactKey: Guid(628689159c7ad934da884d67e2937156) Importer(815301076,1909f56bfc062723c751e8b465ee728b)
Start importing Assets/Sprites/New Palette.prefab using Guid(628689159c7ad934da884d67e2937156) Importer(815301076,1909f56bfc062723c751e8b465ee728b)  -> (artifact id: '1b0e668adfb3dd7accf211ee2fbc1955') in 0.024959 seconds 
========================================================================
Received Import Request.
  Time since last request: 47.787378 seconds.
  path: Assets/Sprites/Katman 3.png
  artifactKey: Guid(2c60988939128304dbab8bd4f5941ec2) Importer(815301076,1909f56bfc062723c751e8b465ee728b)
Start importing Assets/Sprites/Katman 3.png using Guid(2c60988939128304dbab8bd4f5941ec2) Importer(815301076,1909f56bfc062723c751e8b465ee728b)  -> (artifact id: 'e122afd3331a8c83ec3b896910425b4e') in 0.021602 seconds 
========================================================================
Received Import Request.
  Time since last request: 60.108858 seconds.
  path: Assets/Sprites/Katman 3.png
  artifactKey: Guid(2c60988939128304dbab8bd4f5941ec2) Importer(815301076,1909f56bfc062723c751e8b465ee728b)
Start importing Assets/Sprites/Katman 3.png using Guid(2c60988939128304dbab8bd4f5941ec2) Importer(815301076,1909f56bfc062723c751e8b465ee728b)  -> (artifact id: 'f40a7edadc53c53b50f63cdbbe717602') in 0.016230 seconds 
========================================================================
Received Import Request.
  Time since last request: 5.455987 seconds.
  path: Assets/Sprites/New Palette.prefab
  artifactKey: Guid(628689159c7ad934da884d67e2937156) Importer(815301076,1909f56bfc062723c751e8b465ee728b)
Start importing Assets/Sprites/New Palette.prefab using Guid(628689159c7ad934da884d67e2937156) Importer(815301076,1909f56bfc062723c751e8b465ee728b)  -> (artifact id: '3fe21a581e51971e6e2d17f5c68b70e0') in 0.028798 seconds 
========================================================================
Received Import Request.
  Time since last request: 385.179343 seconds.
  path: Assets/Sprites/PaletteIMG/Dirt half.png
  artifactKey: Guid(9095c19581b81404ba0066e530942912) Importer(815301076,1909f56bfc062723c751e8b465ee728b)
Start importing Assets/Sprites/PaletteIMG/Dirt half.png using Guid(9095c19581b81404ba0066e530942912) Importer(815301076,1909f56bfc062723c751e8b465ee728b)  -> (artifact id: '12fa5ee662f91d11bee6f79b0bf8af4d') in 0.028966 seconds 
========================================================================
Received Import Request.
  Time since last request: 0.000073 seconds.
  path: Assets/Sprites/PaletteIMG/Dirt.png
  artifactKey: Guid(d4a0863302889394da91c33b6c5fedbd) Importer(815301076,1909f56bfc062723c751e8b465ee728b)
Start importing Assets/Sprites/PaletteIMG/Dirt.png using Guid(d4a0863302889394da91c33b6c5fedbd) Importer(815301076,1909f56bfc062723c751e8b465ee728b)  -> (artifact id: '7a29c2dc5260f815610bf3641ddd5088') in 0.033978 seconds 
========================================================================
Received Import Request.
  Time since last request: 0.000030 seconds.
  path: Assets/Sprites/PaletteIMG/Tile Half.png
  artifactKey: Guid(b9a159b02b079204bbe9a1f524c8dd8a) Importer(815301076,1909f56bfc062723c751e8b465ee728b)
Start importing Assets/Sprites/PaletteIMG/Tile Half.png using Guid(b9a159b02b079204bbe9a1f524c8dd8a) Importer(815301076,1909f56bfc062723c751e8b465ee728b)  -> (artifact id: '1e434a3a291909c92f4cbf3cf96e2bc2') in 0.045388 seconds 
========================================================================
Received Import Request.
  Time since last request: 9.955124 seconds.
  path: Assets/Sprites/PaletteIMG/Dirt half.png
  artifactKey: Guid(9095c19581b81404ba0066e530942912) Importer(815301076,1909f56bfc062723c751e8b465ee728b)
Start importing Assets/Sprites/PaletteIMG/Dirt half.png using Guid(9095c19581b81404ba0066e530942912) Importer(815301076,1909f56bfc062723c751e8b465ee728b)  -> (artifact id: 'b59c4ca6cb1f38b848707177cc686277') in 0.013393 seconds 
========================================================================
Received Import Request.
  Time since last request: 0.000022 seconds.
  path: Assets/Sprites/PaletteIMG/Dirt.png
  artifactKey: Guid(d4a0863302889394da91c33b6c5fedbd) Importer(815301076,1909f56bfc062723c751e8b465ee728b)
Start importing Assets/Sprites/PaletteIMG/Dirt.png using Guid(d4a0863302889394da91c33b6c5fedbd) Importer(815301076,1909f56bfc062723c751e8b465ee728b)  -> (artifact id: '7e20f5987f5d9e6a10d7e35f63755d91') in 0.014916 seconds 
========================================================================
Received Import Request.
  Time since last request: 0.000052 seconds.
  path: Assets/Sprites/PaletteIMG/Tile Half.png
  artifactKey: Guid(b9a159b02b079204bbe9a1f524c8dd8a) Importer(815301076,1909f56bfc062723c751e8b465ee728b)
Start importing Assets/Sprites/PaletteIMG/Tile Half.png using Guid(b9a159b02b079204bbe9a1f524c8dd8a) Importer(815301076,1909f56bfc062723c751e8b465ee728b)  -> (artifact id: '07223c1653fa317053047bb187909db5') in 0.018665 seconds 
========================================================================
Received Import Request.
  Time since last request: 0.000023 seconds.
  path: Assets/Sprites/PaletteIMG/Stone.png
  artifactKey: Guid(4d04f6e8b51e6d440afef9be51a4f8e4) Importer(815301076,1909f56bfc062723c751e8b465ee728b)
Start importing Assets/Sprites/PaletteIMG/Stone.png using Guid(4d04f6e8b51e6d440afef9be51a4f8e4) Importer(815301076,1909f56bfc062723c751e8b465ee728b)  -> (artifact id: '1450de9e200c7f228860eb30e729e162') in 0.023342 seconds 
========================================================================
Received Import Request.
  Time since last request: 129.965549 seconds.
  path: Assets/Sprites/PaletteIMG/paletteAssets/Place.prefab
  artifactKey: Guid(e375f983580f5a84091dc7afb885733d) Importer(815301076,1909f56bfc062723c751e8b465ee728b)
Start importing Assets/Sprites/PaletteIMG/paletteAssets/Place.prefab using Guid(e375f983580f5a84091dc7afb885733d) Importer(815301076,1909f56bfc062723c751e8b465ee728b)  -> (artifact id: '3f63a5651b3217cdcbae7b9842d3dc3e') in 0.022816 seconds 
========================================================================
Received Import Request.
  Time since last request: 0.000025 seconds.
  path: Assets/Sprites/PaletteIMG/paletteAssets/Tile Half.asset
  artifactKey: Guid(ae8c3ce7d1fd42740b0493b7fd224551) Importer(815301076,1909f56bfc062723c751e8b465ee728b)
Start importing Assets/Sprites/PaletteIMG/paletteAssets/Tile Half.asset using Guid(ae8c3ce7d1fd42740b0493b7fd224551) Importer(815301076,1909f56bfc062723c751e8b465ee728b)  -> (artifact id: '41493bbed7ee8846399cbdba422e505a') in 0.016601 seconds 
========================================================================
Received Prepare
Registering precompiled user dll's ...
Registered in 0.008229 seconds.
Begin MonoManager ReloadAssembly
Native extension for WindowsStandalone target not found
Refreshing native plugins compatible for Editor in 0.94 ms, found 2 plugins.
Preloading 0 native plugins for Editor in 0.00 ms.
Mono: successfully reloaded assembly
- Completed reload, in  1.368 seconds
Domain Reload Profiling:
	ReloadAssembly (1369ms)
		BeginReloadAssembly (302ms)
			ExecutionOrderSort (0ms)
			DisableScriptedObjects (25ms)
			BackupInstance (0ms)
			ReleaseScriptingObjects (0ms)
			CreateAndSetChildDomain (115ms)
		EndReloadAssembly (926ms)
			LoadAssemblies (138ms)
			RebuildTransferFunctionScriptingTraits (0ms)
			SetupTypeCache (287ms)
			ReleaseScriptCaches (1ms)
			RebuildScriptCaches (59ms)
			SetupLoadedEditorAssemblies (417ms)
				LogAssemblyErrors (0ms)
				InitializePlatformSupportModulesInManaged (18ms)
				SetLoadedEditorAssemblies (1ms)
				RefreshPlugins (1ms)
				BeforeProcessingInitializeOnLoad (96ms)
				ProcessInitializeOnLoadAttributes (246ms)
				ProcessInitializeOnLoadMethodAttributes (44ms)
				AfterProcessingInitializeOnLoad (12ms)
				EditorAssembliesLoaded (0ms)
			ExecutionOrderSort2 (0ms)
			AwakeInstancesAfterBackupRestoration (9ms)
Platform modules already initialized, skipping
Failed to load shader (instanceID 434, GUID 603d454d711fe784cba9ce08dd22b881)
Refreshing native plugins compatible for Editor in 2.12 ms, found 2 plugins.
Preloading 0 native plugins for Editor in 0.00 ms.
Unloading 1735 Unused Serialized files (Serialized files now loaded: 0)
Unloading 12 unused Assets / (31.7 KB). Loaded Objects now: 2234.
Memory consumption went from 79.2 MB to 79.1 MB.
Total: 3.386000 ms (FindLiveObjects: 0.170100 ms CreateObjectMapping: 0.072800 ms MarkObjects: 3.119200 ms  DeleteObjects: 0.022600 ms)

AssetImportParameters requested are different than current active one (requested -> active):
  custom:video-decoder-ogg-theora: a1e56fd34408186e4bbccfd4996cb3dc -> 
  custom:container-muxer-webm: aa71ff27fc2769a1b78a27578f13a17b -> 
  custom:container-demuxer-webm: 4f35f7cbe854078d1ac9338744f61a02 -> 
  custom:video-encoder-webm-vp8: eb34c28f22e8b96e1ab97ce403110664 -> 
  custom:audio-encoder-webm-vorbis: bf7c407c2cedff20999df2af8eb42d56 -> 
  custom:framework-win-MediaFoundation: 216162199b28c13a410421893ffa2e32 -> 
  custom:container-demuxer-ogg: 62fdf1f143b41e24485cea50d1cbac27 -> 
  custom:video-decoder-webm-vp8: 9c59270c3fd7afecdb556c50c9e8de78 -> 
  custom:audio-decoder-ogg-vorbis: bf7c407c2cedff20999df2af8eb42d56 -> 
========================================================================
Received Prepare
Registering precompiled user dll's ...
Registered in 0.007969 seconds.
Begin MonoManager ReloadAssembly
Native extension for WindowsStandalone target not found
Refreshing native plugins compatible for Editor in 0.91 ms, found 2 plugins.
Preloading 0 native plugins for Editor in 0.00 ms.
Mono: successfully reloaded assembly
- Completed reload, in  1.585 seconds
Domain Reload Profiling:
	ReloadAssembly (1586ms)
		BeginReloadAssembly (176ms)
			ExecutionOrderSort (0ms)
			DisableScriptedObjects (9ms)
			BackupInstance (0ms)
			ReleaseScriptingObjects (0ms)
			CreateAndSetChildDomain (39ms)
		EndReloadAssembly (1274ms)
			LoadAssemblies (117ms)
			RebuildTransferFunctionScriptingTraits (0ms)
			SetupTypeCache (244ms)
			ReleaseScriptCaches (1ms)
			RebuildScriptCaches (69ms)
			SetupLoadedEditorAssemblies (779ms)
				LogAssemblyErrors (0ms)
				InitializePlatformSupportModulesInManaged (18ms)
				SetLoadedEditorAssemblies (1ms)
				RefreshPlugins (1ms)
				BeforeProcessingInitializeOnLoad (113ms)
				ProcessInitializeOnLoadAttributes (542ms)
				ProcessInitializeOnLoadMethodAttributes (84ms)
				AfterProcessingInitializeOnLoad (21ms)
				EditorAssembliesLoaded (0ms)
			ExecutionOrderSort2 (0ms)
			AwakeInstancesAfterBackupRestoration (16ms)
Platform modules already initialized, skipping
Failed to load shader (instanceID 434, GUID 603d454d711fe784cba9ce08dd22b881)
Refreshing native plugins compatible for Editor in 2.99 ms, found 2 plugins.
Preloading 0 native plugins for Editor in 0.00 ms.
Unloading 1735 Unused Serialized files (Serialized files now loaded: 0)
Unloading 12 unused Assets / (31.7 KB). Loaded Objects now: 2237.
Memory consumption went from 79.2 MB to 79.1 MB.
Total: 7.448900 ms (FindLiveObjects: 0.199700 ms CreateObjectMapping: 0.180500 ms MarkObjects: 7.031300 ms  DeleteObjects: 0.036200 ms)

AssetImportParameters requested are different than current active one (requested -> active):
  custom:video-decoder-ogg-theora: a1e56fd34408186e4bbccfd4996cb3dc -> 
  custom:container-muxer-webm: aa71ff27fc2769a1b78a27578f13a17b -> 
  custom:container-demuxer-webm: 4f35f7cbe854078d1ac9338744f61a02 -> 
  custom:video-encoder-webm-vp8: eb34c28f22e8b96e1ab97ce403110664 -> 
  custom:audio-encoder-webm-vorbis: bf7c407c2cedff20999df2af8eb42d56 -> 
  custom:framework-win-MediaFoundation: 216162199b28c13a410421893ffa2e32 -> 
  custom:container-demuxer-ogg: 62fdf1f143b41e24485cea50d1cbac27 -> 
  custom:video-decoder-webm-vp8: 9c59270c3fd7afecdb556c50c9e8de78 -> 
  custom:audio-decoder-ogg-vorbis: bf7c407c2cedff20999df2af8eb42d56 -> 
